android/app/build/outputs/mapping/release/seeds.txt
com.piraura.app.MainActivity
com.piraura.app.MainActivity: MainActivity()
...
org.apache.cordova.engine.SystemWebView: void setWebChromeClient(android.webkit.WebChromeClient)
com.google.android.material.textfield.TextInputLayout: void setSuffixText(java.lang.CharSequence)
org.apache.cordova.CordovaInterfaceImpl: CordovaInterfaceImpl(androidx.appcompat.app.AppCompatActivity,java.util.concurrent.ExecutorService)
androidx.core.view.WindowInsetsCompat$Impl: void copyRootViewBounds(android.view.View)
com.getcapacitor.Plugin: void restoreState(android.os.Bundle)
com.google.android.material.textfield.TextInputLayout: android.widget.ImageView$ScaleType getStartIconScaleType()
org.chromium.support_lib_boundary.ServiceWorkerWebSettingsBoundaryInterface: void setAllowContentAccess(boolean)
com.google.android.material.chip.Chip: float getTextEndPadding()
androidx.core.view.WindowInsetsCompat$Impl20: boolean equals(java.lang.Object)
com.google.android.material.chip.Chip: void setCloseIconVisible(boolean)
androidx.activity.OnBackPressedDispatcher$Api33Impl: android.window.OnBackInvokedCallback createOnBackInvokedCallback(kotlin.jvm.functions.Function0)
com.google.android.material.datepicker.MaterialCalendar$CalendarSelector: com.google.android.material.datepicker.MaterialCalendar$CalendarSelector[] values()
com.google.android.material.textfield.TextInputLayout: int getHelperTextCurrentTextColor()
org.apache.cordova.PluginResult$Status: org.apache.cordova.PluginResult$Status valueOf(java.lang.String)
com.google.android.material.behavior.HideBottomViewOnScrollBehavior: HideBottomViewOnScrollBehavior()
com.google.android.material.textfield.TextInputLayout: java.lang.CharSequence getError()
com.google.android.material.internal.NavigationMenuItemView: void setIconTintList(android.content.res.ColorStateList)
androidx.core.graphics.drawable.IconCompatParcelizer: androidx.core.graphics.drawable.IconCompat read(androidx.versionedparcelable.VersionedParcel)
com.google.android.material.appbar.MaterialToolbar: MaterialToolbar(android.content.Context,android.util.AttributeSet)
androidx.appcompat.widget.AppCompatImageButton: void setImageLevel(int)
com.google.android.material.button.MaterialButtonToggleGroup: void setSelectionRequired(boolean)
com.google.android.material.button.MaterialButton: void setPressed(boolean)
com.google.android.material.textfield.TextInputLayout: void setErrorIconDrawable(int)
androidx.recyclerview.widget.RecyclerView: java.lang.CharSequence getAccessibilityClassName()
androidx.appcompat.widget.AppCompatEditText: void setSupportCompoundDrawablesTintMode(android.graphics.PorterDuff$Mode)
androidx.core.view.WindowInsetsCompat$Impl21: WindowInsetsCompat$Impl21(androidx.core.view.WindowInsetsCompat,androidx.core.view.WindowInsetsCompat$Impl21)
androidx.appcompat.widget.AppCompatCheckBox: void setFilters(android.text.InputFilter[])
org.chromium.support_lib_boundary.WebSettingsBoundaryInterface: java.util.Map getWebViewMediaIntegrityApiOverrideRules()
com.google.android.material.textfield.TextInputLayout: android.graphics.drawable.Drawable getEditTextBoxBackground()
androidx.appcompat.widget.AppCompatTextHelper$Api24Impl: void setTextLocales(android.widget.TextView,android.os.LocaleList)
com.google.android.material.button.MaterialButton: int getStrokeWidth()
androidx.appcompat.widget.AppCompatCheckedTextView: androidx.appcompat.widget.AppCompatEmojiTextHelper getEmojiTextViewHelper()
androidx.appcompat.widget.AppCompatTextViewAutoSizeHelper$Impl: void computeAndSetTextDirection(android.text.StaticLayout$Builder,android.widget.TextView)
com.google.android.material.radiobutton.MaterialRadioButton: void setUseMaterialThemeColors(boolean)
androidx.appcompat.widget.AppCompatTextView: void setAutoSizeTextTypeWithDefaults(int)
androidx.core.view.WindowInsetsCompat$Impl20: WindowInsetsCompat$Impl20(androidx.core.view.WindowInsetsCompat,androidx.core.view.WindowInsetsCompat$Impl20)