android/app/build/outputs/mapping/release/usage.txt
com.piraura.app.R$color
com.piraura.app.R$layout
com.piraura.app.R$mipmap
com.piraura.app.R$string
com.piraura.app.R$style
com.piraura.app.R$xml
com.piraura.app.R
com.piraura.app.MainActivity:
    public com.getcapacitor.CapConfig config
    public boolean keepRunning
    public static void load()
...
com.google.android.material.color.utilities.MaterialDynamicColors
com.google.android.material.color.utilities.MathUtils
com.google.android.material.color.utilities.PointProvider
com.google.android.material.color.utilities.PointProviderLab
com.google.android.material.color.utilities.Quantizer
com.google.android.material.color.utilities.QuantizerCelebi
com.google.android.material.color.utilities.QuantizerMap
com.google.android.material.color.utilities.QuantizerResult
com.google.android.material.color.utilities.QuantizerWsmeans$Distance
com.google.android.material.color.utilities.QuantizerWsmeans
com.google.android.material.color.utilities.QuantizerWu$1
com.google.android.material.color.utilities.QuantizerWu$Box
com.google.android.material.color.utilities.QuantizerWu$CreateBoxesResult
com.google.android.material.color.utilities.QuantizerWu$Direction
com.google.android.material.color.utilities.QuantizerWu$MaximizeResult
com.google.android.material.color.utilities.QuantizerWu
com.google.android.material.color.utilities.Scheme
com.google.android.material.color.utilities.SchemeContent
com.google.android.material.color.utilities.SchemeExpressive
com.google.android.material.color.utilities.SchemeFidelity
com.google.android.material.color.utilities.SchemeFruitSalad
com.google.android.material.color.utilities.SchemeMonochrome
com.google.android.material.color.utilities.SchemeNeutral
com.google.android.material.color.utilities.SchemeRainbow
com.google.android.material.color.utilities.SchemeTonalSpot
com.google.android.material.color.utilities.SchemeVibrant
com.google.android.material.color.utilities.Score$ScoredComparator
com.google.android.material.color.utilities.Score$ScoredHCT
com.google.android.material.color.utilities.Score
com.google.android.material.color.utilities.TemperatureCache
com.google.android.material.color.utilities.TonalPalette
com.google.android.material.color.utilities.ToneDeltaPair
com.google.android.material.color.utilities.TonePolarity
com.google.android.material.color.utilities.Variant
com.google.android.material.color.utilities.ViewingConditions
com.google.android.material.datepicker.CalendarConstraints$Builder:
    private static final java.lang.String DEEP_COPY_VALIDATOR_KEY
    public void <init>()
    public com.google.android.material.datepicker.CalendarConstraints$Builder setEnd(long)
    public com.google.android.material.datepicker.CalendarConstraints$Builder setFirstDayOfWeek(int)
    public com.google.android.material.datepicker.CalendarConstraints$Builder setStart(long)
    public com.google.android.material.datepicker.CalendarConstraints$Builder setValidator(com.google.android.material.datepicker.CalendarConstraints$DateValidator)
com.google.android.material.datepicker.CalendarConstraints:
    public long getEndMs()
    public java.lang.Long getOpenAtMs()
    public long getStartMs()
    boolean isWithinBounds(long)
    void setOpenAt(com.google.android.material.datepicker.Month)
com.google.android.material.datepicker.CalendarItemStyle:
    int getLeftInset()
    int getRightInset()
com.google.android.material.datepicker.CompositeDateValidator$1
com.google.android.material.datepicker.CompositeDateValidator$2
com.google.android.material.datepicker.CompositeDateValidator$3
com.google.android.material.datepicker.CompositeDateValidator$Operator
com.google.android.material.datepicker.CompositeDateValidator
com.google.android.material.datepicker.DateFormatTextWatcher